<?xml version="1.0" encoding="UTF-8"?>
<!-- Generated by org.testng.reporters.JUnitReportReporter -->
<testsuite hostname="LAPTOP-UMRC6S6P" failures="0" tests="2" name="TestNG.TestNG_Annotations1" time="0.012" errors="0" timestamp="2022-05-25T21:34:35 IST" skipped="0">
  <testcase classname="TestNG.TestNG_Annotations1" name="TC2" time="0.004"/>
  <system-out>
    <![CDATA[Test case 2]]>
  </system-out>
  <testcase classname="TestNG.TestNG_Annotations1" name="TC1" time="0.008"/>
  <system-out>
    <![CDATA[Test case 1]]>
  </system-out>
</testsuite> <!-- TestNG.TestNG_Annotations1 -->
