<?xml version="1.0" encoding="UTF-8"?>
<!-- Generated by org.testng.reporters.JUnitReportReporter -->
<testsuite hostname="LAPTOP-UMRC6S6P" failures="0" tests="5" name="TestNG_Manik.Kite_Zerodha" time="6.308" errors="0" timestamp="2022-05-26T22:43:50 IST" skipped="0">
  <testcase classname="TestNG_Manik.Kite_Zerodha" name="Logout" time="4.342"/>
  <system-out/>
  <testcase classname="TestNG_Manik.Kite_Zerodha" name="CurrentURL" time="0.038"/>
  <system-out/>
  <testcase classname="TestNG_Manik.Kite_Zerodha" name="TitleTest" time="0.017"/>
  <system-out/>
  <testcase classname="TestNG_Manik.Kite_Zerodha" name="LaunchKite" time="1.344"/>
  <system-out/>
  <testcase classname="TestNG_Manik.Kite_Zerodha" name="LoginTest" time="0.567"/>
  <system-out/>
</testsuite> <!-- TestNG_Manik.Kite_Zerodha -->
