<?xml version="1.0" encoding="UTF-8"?>
<!-- Generated by org.testng.reporters.JUnitReportReporter -->
<testsuite hostname="LAPTOP-UMRC6S6P" failures="0" tests="3" name="TestNG.Keyword_enabled" time="0.014" errors="0" timestamp="2022-05-27T10:42:11 IST" skipped="1">
  <testcase classname="TestNG.Keyword_enabled" name="m3" time="0.001"/>
  <system-out>
    <![CDATA[Method m3 is running]]>
  </system-out>
  <testcase classname="TestNG.Keyword_enabled" name="m1" time="0.013"/>
  <system-out>
    <![CDATA[Method m1 running]]>
  </system-out>
  <testcase classname="TestNG.Keyword_enabled" name="m2">
    <skipped/>
  </testcase> <!-- m2 -->
  <system-out/>
</testsuite> <!-- TestNG.Keyword_enabled -->
