<?xml version="1.0" encoding="UTF-8"?>
<!-- Generated by org.testng.reporters.JUnitReportReporter -->
<testsuite hostname="LAPTOP-UMRC6S6P" failures="0" tests="5" name="TestNG.Emailable_Report" time="0.018" errors="0" timestamp="2022-05-24T11:23:02 IST" skipped="0">
  <testcase classname="TestNG.Emailable_Report" name="m3" time="0.003"/>
  <system-out>
    <![CDATA[Method m3 Running]]>
  </system-out>
  <testcase classname="TestNG.Emailable_Report" name="m1" time="0.009"/>
  <system-out>
    <![CDATA[Method m1 Running]]>
  </system-out>
  <testcase classname="TestNG.Emailable_Report" name="m4" time="0.002"/>
  <system-out>
    <![CDATA[Method m4 Running]]>
  </system-out>
  <testcase classname="TestNG.Emailable_Report" name="m2" time="0.002"/>
  <system-out>
    <![CDATA[Method m2 Running]]>
  </system-out>
  <testcase classname="TestNG.Emailable_Report" name="m5" time="0.002"/>
  <system-out>
    <![CDATA[Method m5 Running]]>
  </system-out>
</testsuite> <!-- TestNG.Emailable_Report -->
