<?xml version="1.0" encoding="UTF-8"?>
<!-- Generated by org.testng.reporters.JUnitReportReporter -->
<testsuite hostname="LAPTOP-UMRC6S6P" failures="0" tests="5" name="TestNG.Keyword_invocationCount" time="0.016" errors="0" timestamp="2022-05-24T12:29:08 IST" skipped="0">
  <testcase classname="TestNG.Keyword_invocationCount" name="m1" time="0.002"/>
  <system-out>
    <![CDATA[Method m1 is running]]>
  </system-out>
  <testcase classname="TestNG.Keyword_invocationCount" name="m1" time="0.001"/>
  <system-out>
    <![CDATA[Method m1 is running]]>
  </system-out>
  <testcase classname="TestNG.Keyword_invocationCount" name="m1" time="0.001"/>
  <system-out>
    <![CDATA[Method m1 is running]]>
  </system-out>
  <testcase classname="TestNG.Keyword_invocationCount" name="m1" time="0.010"/>
  <system-out>
    <![CDATA[Method m1 is running]]>
  </system-out>
  <testcase classname="TestNG.Keyword_invocationCount" name="m1" time="0.002"/>
  <system-out>
    <![CDATA[Method m1 is running]]>
  </system-out>
</testsuite> <!-- TestNG.Keyword_invocationCount -->
