<?xml version="1.0" encoding="UTF-8"?>
<!-- Generated by org.testng.reporters.JUnitReportReporter -->
<testsuite hostname="LAPTOP-UMRC6S6P" failures="0" tests="5" name="TestNG.Keyword_priority23" time="0.013" errors="0" timestamp="2022-05-25T12:06:15 IST" skipped="0">
  <testcase classname="TestNG.Keyword_priority23" name="AB" time="0.009"/>
  <system-out>
    <![CDATA[Test case5 Running]]>
  </system-out>
  <testcase classname="TestNG.Keyword_priority23" name="TC3" time="0.001"/>
  <system-out>
    <![CDATA[Test case3 Running]]>
  </system-out>
  <testcase classname="TestNG.Keyword_priority23" name="TC4" time="0.002"/>
  <system-out>
    <![CDATA[Test case4 Running]]>
  </system-out>
  <testcase classname="TestNG.Keyword_priority23" name="TC2" time="0.001"/>
  <system-out>
    <![CDATA[Test case2 Running]]>
  </system-out>
  <testcase classname="TestNG.Keyword_priority23" name="TC1" time="0.000"/>
  <system-out>
    <![CDATA[Test case1 Running]]>
  </system-out>
</testsuite> <!-- TestNG.Keyword_priority23 -->
