<?xml version="1.0" encoding="UTF-8"?>
<!-- Generated by org.testng.reporters.JUnitReportReporter -->
<testsuite hostname="LAPTOP-UMRC6S6P" failures="0" tests="8" name="TestNG.Keyword_priority4" time="0.026" errors="0" timestamp="2022-05-25T21:58:36 IST" skipped="0">
  <testcase classname="TestNG.Keyword_priority4" name="TC7" time="0.009"/>
  <system-out>
    <![CDATA[Test case7 Running]]>
  </system-out>
  <testcase classname="TestNG.Keyword_priority4" name="TC8" time="0.003"/>
  <system-out>
    <![CDATA[Test case8 Running]]>
  </system-out>
  <testcase classname="TestNG.Keyword_priority4" name="TC6" time="0.002"/>
  <system-out>
    <![CDATA[Test case6 Running]]>
  </system-out>
  <testcase classname="TestNG.Keyword_priority4" name="AB" time="0.002"/>
  <system-out>
    <![CDATA[Test case5 Running]]>
  </system-out>
  <testcase classname="TestNG.Keyword_priority4" name="TC3" time="0.003"/>
  <system-out>
    <![CDATA[Test case3 Running]]>
  </system-out>
  <testcase classname="TestNG.Keyword_priority4" name="TC4" time="0.003"/>
  <system-out>
    <![CDATA[Test case4 Running]]>
  </system-out>
  <testcase classname="TestNG.Keyword_priority4" name="TC2" time="0.002"/>
  <system-out>
    <![CDATA[Test case2 Running]]>
  </system-out>
  <testcase classname="TestNG.Keyword_priority4" name="TC1" time="0.002"/>
  <system-out>
    <![CDATA[Test case1 Running]]>
  </system-out>
</testsuite> <!-- TestNG.Keyword_priority4 -->
