<?xml version="1.0" encoding="UTF-8"?>
<!-- Generated by org.testng.reporters.JUnitReportReporter -->
<testsuite hostname="LAPTOP-UMRC6S6P" failures="0" tests="1" name="TestNG_Manik.Annotation" time="0.004" errors="0" timestamp="2022-05-27T13:42:46 IST" skipped="0">
  <testcase classname="TestNG_Manik.Annotation" name="test3" time="0.004"/>
  <system-out/>
</testsuite> <!-- TestNG_Manik.Annotation -->
