<?xml version="1.0" encoding="UTF-8"?>
<!-- Generated by org.testng.reporters.JUnitReportReporter -->
<testsuite hostname="LAPTOP-UMRC6S6P" failures="0" tests="1" name="LearnVern.Assignment6" time="4.117" errors="0" timestamp="2022-06-13T08:08:02 IST" skipped="0">
  <testcase classname="LearnVern.Assignment6" name="testParameter" time="4.117"/>
  <system-out/>
</testsuite> <!-- LearnVern.Assignment6 -->
