<?xml version="1.0" encoding="UTF-8"?>
<!-- Generated by org.testng.reporters.JUnitReportReporter -->
<testsuite hostname="LAPTOP-UMRC6S6P" failures="0" tests="3" name="TestNG.Keyword_Timeout" time="2.043" errors="0" timestamp="2022-05-24T12:41:47 IST" skipped="0">
  <testcase classname="TestNG.Keyword_Timeout" name="m3" time="0.005"/>
  <system-out>
    <![CDATA[Method m3 is running]]>
  </system-out>
  <testcase classname="TestNG.Keyword_Timeout" name="m2" time="0.006"/>
  <system-out>
    <![CDATA[Method m2 is Running]]>
  </system-out>
  <testcase classname="TestNG.Keyword_Timeout" name="m1" time="2.032"/>
  <system-out>
    <![CDATA[Method m1 is running]]>
  </system-out>
</testsuite> <!-- TestNG.Keyword_Timeout -->
