<?xml version="1.0" encoding="UTF-8"?>
<!-- Generated by org.testng.reporters.JUnitReportReporter -->
<testsuite hostname="LAPTOP-UMRC6S6P" failures="0" tests="2" name="TestNG.Keyword_dependsonMethod" time="0.011" errors="0" timestamp="2022-05-25T12:13:58 IST" skipped="0">
  <testcase classname="TestNG.Keyword_dependsonMethod" name="Login" time="0.010"/>
  <system-out>
    <![CDATA[Running Login TC]]>
  </system-out>
  <testcase classname="TestNG.Keyword_dependsonMethod" name="LogOut" time="0.001"/>
  <system-out>
    <![CDATA[Running LogOut TC]]>
  </system-out>
</testsuite> <!-- TestNG.Keyword_dependsonMethod -->
