<?xml version="1.0" encoding="UTF-8"?>
<!-- Generated by org.testng.reporters.JUnitReportReporter -->
<testsuite hostname="LAPTOP-UMRC6S6P" failures="0" tests="2" name="TestNG.TS_Disable12" time="0.005" errors="0" timestamp="2022-05-26T11:20:29 IST" skipped="0">
  <testcase classname="TestNG.TS_Disable12" name="TC4" time="0.004"/>
  <system-out>
    <![CDATA[Running test case TC4]]>
  </system-out>
  <testcase classname="TestNG.TS_Disable12" name="TC6" time="0.001"/>
  <system-out>
    <![CDATA[Running test case TC6]]>
  </system-out>
</testsuite> <!-- TestNG.TS_Disable12 -->
