<?xml version="1.0" encoding="UTF-8"?>
<!-- Generated by org.testng.reporters.JUnitReportReporter -->
<testsuite hostname="LAPTOP-UMRC6S6P" failures="0" tests="2" name="TestNG_Manik.TestNG_Sample1" time="0.010" errors="0" timestamp="2022-06-25T07:59:13 IST" skipped="0">
  <testcase classname="TestNG_Manik.TestNG_Sample1" name="TC1" time="0.009"/>
  <system-out>
    <![CDATA[Running TC1]]>
  </system-out>
  <testcase classname="TestNG_Manik.TestNG_Sample1" name="TC2" time="0.001"/>
  <system-out>
    <![CDATA[Running TC2]]>
  </system-out>
</testsuite> <!-- TestNG_Manik.TestNG_Sample1 -->
