<?xml version="1.0" encoding="UTF-8"?>
<!-- Generated by org.testng.reporters.JUnitReportReporter -->
<testsuite hostname="LAPTOP-UMRC6S6P" failures="0" tests="5" name="TestNG.TestNG_Keywords" time="0.017" errors="0" timestamp="2022-05-24T12:26:11 IST" skipped="0">
  <testcase classname="TestNG.TestNG_Keywords" name="m1" time="0.001"/>
  <system-out>
    <![CDATA[running method m1]]>
  </system-out>
  <testcase classname="TestNG.TestNG_Keywords" name="m1" time="0.001"/>
  <system-out>
    <![CDATA[running method m1]]>
  </system-out>
  <testcase classname="TestNG.TestNG_Keywords" name="m1" time="0.002"/>
  <system-out>
    <![CDATA[running method m1]]>
  </system-out>
  <testcase classname="TestNG.TestNG_Keywords" name="m1" time="0.011"/>
  <system-out>
    <![CDATA[running method m1]]>
  </system-out>
  <testcase classname="TestNG.TestNG_Keywords" name="m1" time="0.002"/>
  <system-out>
    <![CDATA[running method m1]]>
  </system-out>
</testsuite> <!-- TestNG.TestNG_Keywords -->
