<?xml version="1.0" encoding="UTF-8"?>
<!-- Generated by org.testng.reporters.JUnitReportReporter -->
<testsuite hostname="LAPTOP-UMRC6S6P" failures="0" tests="2" name="TestNG_Manik.TestNG_Annotations" time="0.008" errors="0" timestamp="2022-06-25T08:13:19 IST" skipped="0">
  <testcase classname="TestNG_Manik.TestNG_Annotations" name="verifyPin" time="0.005"/>
  <system-out>
    <![CDATA[Running TC1]]>
  </system-out>
  <testcase classname="TestNG_Manik.TestNG_Annotations" name="verifyUserID" time="0.003"/>
  <system-out>
    <![CDATA[Running TC2]]>
  </system-out>
</testsuite> <!-- TestNG_Manik.TestNG_Annotations -->
