<?xml version="1.0" encoding="UTF-8"?>
<!-- Generated by org.testng.reporters.JUnitReportReporter -->
<testsuite hostname="LAPTOP-UMRC6S6P" failures="0" tests="2" name="TestNG.TS_Disable1" time="0.011" errors="0" timestamp="2022-05-26T11:20:29 IST" skipped="0">
  <testcase classname="TestNG.TS_Disable1" name="TC1" time="0.009"/>
  <system-out>
    <![CDATA[Running test case TC1]]>
  </system-out>
  <testcase classname="TestNG.TS_Disable1" name="TC3" time="0.002"/>
  <system-out>
    <![CDATA[Running test case TC3]]>
  </system-out>
</testsuite> <!-- TestNG.TS_Disable1 -->
