<?xml version="1.0" encoding="UTF-8"?>
<!-- Generated by org.testng.reporters.JUnitReportReporter -->
<testsuite hostname="LAPTOP-UMRC6S6P" failures="0" tests="2" name="TestNG.Keyword_priority1" time="0.011" errors="0" timestamp="2022-05-25T11:46:19 IST" skipped="0">
  <testcase classname="TestNG.Keyword_priority1" name="TC2" time="0.009"/>
  <system-out>
    <![CDATA[Running test case2]]>
  </system-out>
  <testcase classname="TestNG.Keyword_priority1" name="TC1" time="0.002"/>
  <system-out>
    <![CDATA[Running test case1]]>
  </system-out>
</testsuite> <!-- TestNG.Keyword_priority1 -->
