<?xml version="1.0" encoding="UTF-8"?>
<!-- Generated by org.testng.reporters.JUnitReportReporter -->
<testsuite hostname="LAPTOP-UMRC6S6P" failures="0" tests="1" name="TestNG.TestNG_Test_Class" time="7.771" errors="0" timestamp="2022-05-24T11:09:09 IST" skipped="0">
  <testcase classname="TestNG.TestNG_Test_Class" name="m1" time="7.771"/>
  <system-out/>
</testsuite> <!-- TestNG.TestNG_Test_Class -->
