<?xml version="1.0" encoding="UTF-8"?>
<!-- Generated by org.testng.reporters.JUnitReportReporter -->
<testsuite hostname="LAPTOP-UMRC6S6P" failures="0" tests="2" name="TestNG.TS_Sample2" time="0.013" errors="0" timestamp="2022-05-25T16:21:51 IST" skipped="0">
  <testcase classname="TestNG.TS_Sample2" name="TC4" time="0.001"/>
  <system-out>
    <![CDATA[Running test case4]]>
  </system-out>
  <testcase classname="TestNG.TS_Sample2" name="TC3" time="0.012"/>
  <system-out>
    <![CDATA[Running test case3]]>
  </system-out>
</testsuite> <!-- TestNG.TS_Sample2 -->
