<?xml version="1.0" encoding="UTF-8"?>
<!-- Generated by org.testng.reporters.JUnitReportReporter -->
<testsuite hostname="LAPTOP-UMRC6S6P" failures="0" tests="2" name="TestNG.Grouping_TC" time="0.009" errors="0" timestamp="2022-05-26T11:52:05 IST" skipped="0">
  <testcase classname="TestNG.Grouping_TC" name="TC2" time="0.001"/>
  <system-out>
    <![CDATA[TC2 is Running]]>
  </system-out>
  <testcase classname="TestNG.Grouping_TC" name="TC1" time="0.008"/>
  <system-out>
    <![CDATA[TC1 is Running]]>
  </system-out>
</testsuite> <!-- TestNG.Grouping_TC -->
