<?xml version="1.0" encoding="UTF-8"?>
<!-- Generated by org.testng.reporters.JUnitReportReporter -->
<testsuite hostname="LAPTOP-UMRC6S6P" failures="0" tests="3" name="TestNG.Fail_TC_suit2" time="0.019" errors="0" timestamp="2022-06-06T11:05:04 IST" skipped="0">
  <testcase classname="TestNG.Fail_TC_suit2" name="TC6" time="0.001"/>
  <system-out>
    <![CDATA[Running test case TC6]]>
  </system-out>
  <testcase classname="TestNG.Fail_TC_suit2" name="TC5" time="0.001"/>
  <system-out>
    <![CDATA[Running test case TC5]]>
  </system-out>
  <testcase classname="TestNG.Fail_TC_suit2" name="TC4" time="0.017"/>
  <system-out>
    <![CDATA[Running test case TC4]]>
  </system-out>
</testsuite> <!-- TestNG.Fail_TC_suit2 -->
