<?xml version="1.0" encoding="UTF-8"?>
<!-- Generated by org.testng.reporters.JUnitReportReporter -->
<testsuite hostname="LAPTOP-UMRC6S6P" failures="0" tests="3" name="TestNG.Fail_TC_suit" time="0.005" errors="0" timestamp="2022-06-06T11:05:04 IST" skipped="0">
  <testcase classname="TestNG.Fail_TC_suit" name="TC3" time="0.001"/>
  <system-out>
    <![CDATA[Running test case TC3]]>
  </system-out>
  <testcase classname="TestNG.Fail_TC_suit" name="TC1" time="0.002"/>
  <system-out>
    <![CDATA[Running test case TC1]]>
  </system-out>
  <testcase classname="TestNG.Fail_TC_suit" name="TC2" time="0.002"/>
  <system-out>
    <![CDATA[Running test case TC2]]>
  </system-out>
</testsuite> <!-- TestNG.Fail_TC_suit -->
