<?xml version="1.0" encoding="UTF-8"?>
<!-- Generated by org.testng.reporters.JUnitReportReporter -->
<testsuite hostname="LAPTOP-UMRC6S6P" failures="0" tests="1" name="TestNG.TestNG_Annotations" time="0.007" errors="0" timestamp="2022-05-25T21:45:48 IST" skipped="0">
  <testcase classname="TestNG.TestNG_Annotations" name="TC1" time="0.007"/>
  <system-out>
    <![CDATA[Test case 1]]>
  </system-out>
</testsuite> <!-- TestNG.TestNG_Annotations -->
